[debug] [2023-05-07T18:00:56.928Z] ----------------------------------------------------------------------
[debug] [2023-05-07T18:00:56.929Z] Command:       C:\Program Files\nodejs\node.exe C:\Users\Kotikala Raghav\AppData\Roaming\npm\node_modules\firebase-tools\lib\bin\firebase.js init
[debug] [2023-05-07T18:00:56.930Z] CLI Version:   11.23.1
[debug] [2023-05-07T18:00:56.930Z] Platform:      win32
[debug] [2023-05-07T18:00:56.930Z] Node Version:  v16.13.2
[debug] [2023-05-07T18:00:56.931Z] Time:          Sun May 07 2023 23:30:56 GMT+0530 (India Standard Time)
[debug] [2023-05-07T18:00:56.931Z] ----------------------------------------------------------------------
[debug] 
[debug] [2023-05-07T18:00:56.935Z] >>> [apiv2][query] GET https://firebase-public.firebaseio.com/cli.json [none]
[debug] [2023-05-07T18:00:56.954Z] > command requires scopes: ["email","openid","https://www.googleapis.com/auth/cloudplatformprojects.readonly","https://www.googleapis.com/auth/firebase","https://www.googleapis.com/auth/cloud-platform"]
[debug] [2023-05-07T18:00:56.955Z] > authorizing via signed-in user (raghavkotikala9@gmail.com)
[info] 
     ######## #### ########  ######## ########     ###     ######  ########
     ##        ##  ##     ## ##       ##     ##  ##   ##  ##       ##
     ######    ##  ########  ######   ########  #########  ######  ######
     ##        ##  ##    ##  ##       ##     ## ##     ##       ## ##
     ##       #### ##     ## ######## ########  ##     ##  ######  ########

You're about to initialize a Firebase project in this directory:

  C:\Files\CS\AskQ\frontend

Before we get started, keep in mind:

  * You are currently outside your home directory

[debug] [2023-05-07T18:00:57.625Z] <<< [apiv2][status] GET https://firebase-public.firebaseio.com/cli.json 200
[debug] [2023-05-07T18:00:57.625Z] <<< [apiv2][body] GET https://firebase-public.firebaseio.com/cli.json {"cloudBuildErrorAfter":1594252800000,"cloudBuildWarnAfter":1590019200000,"defaultNode10After":1594252800000,"minVersion":"3.0.5","node8DeploysDisabledAfter":1613390400000,"node8RuntimeDisabledAfter":1615809600000,"node8WarnAfter":1600128000000}
